<?xml version="1.0" encoding="UTF-8"?>
<robot generator="Robot 3.1.2 (Python 3.8.2 on win32)" generated="20200414 14:12:50.299" rpa="false">
<suite id="s1" name="Cadastro" source="C:\qaninja\roboweek\tests\cadastro.robot">
<test id="s1-t1" name="Cadastrar novo jogo">
<kw name="Dado que acesso o portal de cadastro de jogos">
<kw name="Open Browser" library="SeleniumLibrary">
<doc>Opens a new browser instance to the optional ``url``.</doc>
<arguments>
<arg>http://localhost:3000/</arg>
<arg>chrome</arg>
</arguments>
<msg timestamp="20200414 14:12:50.427" level="INFO">Opening browser 'chrome' to base url 'http://localhost:3000/'.</msg>
<status status="PASS" starttime="20200414 14:12:50.426" endtime="20200414 14:12:55.821"></status>
</kw>
<kw name="Set Selenium Implicit Wait" library="SeleniumLibrary">
<doc>Sets the implicit wait value used by Selenium.</doc>
<arguments>
<arg>5</arg>
</arguments>
<status status="PASS" starttime="20200414 14:12:55.821" endtime="20200414 14:12:55.823"></status>
</kw>
<kw name="Click Link" library="SeleniumLibrary">
<doc>Clicks a link identified by ``locator``.</doc>
<arguments>
<arg>/produtos/new</arg>
</arguments>
<msg timestamp="20200414 14:12:55.823" level="INFO">Clicking link '/produtos/new'.</msg>
<status status="PASS" starttime="20200414 14:12:55.823" endtime="20200414 14:12:55.967"></status>
</kw>
<status status="PASS" starttime="20200414 14:12:50.426" endtime="20200414 14:12:55.967"></status>
</kw>
<kw name="Quando eu faço o cadastro de um novo jogo">
<kw name="Input Text" library="SeleniumLibrary">
<doc>Types the given ``text`` into the text field identified by ``locator``.</doc>
<arguments>
<arg>id:produto_nome</arg>
<arg>Call of Duty</arg>
</arguments>
<msg timestamp="20200414 14:12:55.969" level="INFO">Typing text 'Call of Duty' into text field 'id:produto_nome'.</msg>
<status status="PASS" starttime="20200414 14:12:55.969" endtime="20200414 14:12:56.205"></status>
</kw>
<kw name="Input Text" library="SeleniumLibrary">
<doc>Types the given ``text`` into the text field identified by ``locator``.</doc>
<arguments>
<arg>id:produto_descricao</arg>
<arg>Um jogo muito legal!</arg>
</arguments>
<msg timestamp="20200414 14:12:56.205" level="INFO">Typing text 'Um jogo muito legal!' into text field 'id:produto_descricao'.</msg>
<status status="PASS" starttime="20200414 14:12:56.205" endtime="20200414 14:12:56.280"></status>
</kw>
<kw name="Input Text" library="SeleniumLibrary">
<doc>Types the given ``text`` into the text field identified by ``locator``.</doc>
<arguments>
<arg>id:produto_preco</arg>
<arg>99.99</arg>
</arguments>
<msg timestamp="20200414 14:12:56.280" level="INFO">Typing text '99.99' into text field 'id:produto_preco'.</msg>
<status status="PASS" starttime="20200414 14:12:56.280" endtime="20200414 14:12:56.343"></status>
</kw>
<kw name="Input Text" library="SeleniumLibrary">
<doc>Types the given ``text`` into the text field identified by ``locator``.</doc>
<arguments>
<arg>id:produto_quantidade</arg>
<arg>10</arg>
</arguments>
<msg timestamp="20200414 14:12:56.343" level="INFO">Typing text '10' into text field 'id:produto_quantidade'.</msg>
<status status="PASS" starttime="20200414 14:12:56.343" endtime="20200414 14:12:56.393"></status>
</kw>
<kw name="Click Element" library="SeleniumLibrary">
<doc>Click the element identified by ``locator``.</doc>
<arguments>
<arg>xpath://input[@value='Criar Produto']</arg>
</arguments>
<msg timestamp="20200414 14:12:56.393" level="INFO">Clicking element 'xpath://input[@value='Criar Produto']'.</msg>
<status status="PASS" starttime="20200414 14:12:56.393" endtime="20200414 14:12:56.681"></status>
</kw>
<status status="PASS" starttime="20200414 14:12:55.968" endtime="20200414 14:12:56.681"></status>
</kw>
<kw name="Então vejo a mensagem de sucesso &quot;Produto cadastrado com sucesso&quot;">
<kw name="Element Should Contain" library="SeleniumLibrary">
<doc>Verifies that element ``locator`` contains text ``expected``.</doc>
<arguments>
<arg>css:div[role=alert]</arg>
<arg>${mensagem_esperada}</arg>
</arguments>
<msg timestamp="20200414 14:12:56.699" level="INFO">Element 'css:div[role=alert]' contains text 'Produto cadastrado com sucesso'.</msg>
<status status="PASS" starttime="20200414 14:12:56.681" endtime="20200414 14:12:56.699"></status>
</kw>
<status status="PASS" starttime="20200414 14:12:56.681" endtime="20200414 14:12:56.699"></status>
</kw>
<kw name="E vejo esse novo jogo na lista">
<kw name="Element Should Contain" library="SeleniumLibrary">
<doc>Verifies that element ``locator`` contains text ``expected``.</doc>
<arguments>
<arg>css:table tbody</arg>
<arg>Call of Duty</arg>
</arguments>
<msg timestamp="20200414 14:12:56.738" level="INFO">Element 'css:table tbody' contains text 'Call of Duty'.</msg>
<status status="PASS" starttime="20200414 14:12:56.701" endtime="20200414 14:12:56.738"></status>
</kw>
<kw name="Capture Page Screenshot" library="SeleniumLibrary">
<doc>Takes a screenshot of the current page and embeds it into a log file.</doc>
<msg timestamp="20200414 14:12:57.018" level="INFO" html="yes">&lt;/td&gt;&lt;/tr&gt;&lt;tr&gt;&lt;td colspan="3"&gt;&lt;a href="selenium-screenshot-14.png"&gt;&lt;img src="selenium-screenshot-14.png" width="800px"&gt;&lt;/a&gt;</msg>
<status status="PASS" starttime="20200414 14:12:56.738" endtime="20200414 14:12:57.018"></status>
</kw>
<kw name="Close Browser" library="SeleniumLibrary">
<doc>Closes the current browser.</doc>
<status status="PASS" starttime="20200414 14:12:57.018" endtime="20200414 14:12:59.098"></status>
</kw>
<status status="PASS" starttime="20200414 14:12:56.700" endtime="20200414 14:12:59.098"></status>
</kw>
<status status="PASS" starttime="20200414 14:12:50.426" endtime="20200414 14:12:59.099" critical="yes"></status>
</test>
<doc>Cadastro de Jogos</doc>
<status status="PASS" starttime="20200414 14:12:50.300" endtime="20200414 14:12:59.100"></status>
</suite>
<statistics>
<total>
<stat pass="1" fail="0">Critical Tests</stat>
<stat pass="1" fail="0">All Tests</stat>
</total>
<tag>
</tag>
<suite>
<stat pass="1" fail="0" id="s1" name="Cadastro">Cadastro</stat>
</suite>
</statistics>
<errors>
</errors>
</robot>
